TN:
SF:assets/js/alpine.js
FNF:0
FNH:0
DA:3,0
DA:4,0
LF:2
LH:0
BRF:0
BRH:0
end_of_record
TN:
SF:assets/js/cookies.js
FN:11,(anonymous_0)
FN:16,(anonymous_1)
FN:23,(anonymous_2)
FNF:3
FNH:0
FNDA:0,(anonymous_0)
FNDA:0,(anonymous_1)
FNDA:0,(anonymous_2)
DA:3,0
DA:4,0
DA:8,0
DA:10,0
DA:11,0
DA:12,0
DA:15,0
DA:16,0
DA:18,0
DA:19,0
DA:22,0
DA:23,0
DA:25,0
DA:26,0
LF:14
LH:0
BRF:0
BRH:0
end_of_record
TN:
SF:assets/js/darkmode.js
FN:13,(anonymous_0)
FNF:1
FNH:1
FNDA:2,(anonymous_0)
DA:1,5
DA:2,5
DA:5,5
DA:6,1
DA:8,4
DA:11,5
DA:13,5
DA:16,2
DA:17,2
DA:20,2
DA:21,1
DA:22,0
DA:23,0
DA:25,1
DA:26,1
DA:31,1
DA:32,0
DA:33,0
DA:35,1
DA:36,1
LF:20
LH:16
BRDA:5,0,0,1
BRDA:5,0,1,4
BRDA:5,1,0,5
BRDA:5,1,1,5
BRDA:5,1,2,5
BRDA:20,2,0,1
BRDA:20,2,1,1
BRDA:21,3,0,0
BRDA:21,3,1,1
BRDA:31,4,0,0
BRDA:31,4,1,1
BRF:11
BRH:9
end_of_record
